<?xml version="1.0" encoding="UTF-8"?>
<!-- Generated by org.testng.reporters.JUnitXMLReporter -->
<testsuite hostname="DESKTOP-C5FUFS1" ignored="0" name="Default test" tests="3" failures="0" timestamp="2022-07-03T20:04:37 IST" time="31.87" errors="0">
  <testcase name="openAppTest" time="0.02" classname="tests.LoginTest"/>
  <testcase name="loginTest" time="10.586" classname="tests.LoginTest"/>
  <testcase name="logoutUserTest" time="3.131" classname="tests.LoginTest"/>
</testsuite> <!-- Default test -->
